<?xml version="1.0" encoding="UTF-8"?>
<!-- Generated by org.testng.reporters.JUnitReportReporter -->
<testsuite hostname="DESKTOP-51JIPKB" failures="0" tests="1" name="testCases.TC_001_AccountRegistrationTest" time="0.861" errors="0" timestamp="2023-11-28T14:05:32 EST" skipped="0">
  <testcase classname="testCases.TC_001_AccountRegistrationTest" name="test_account_Registration" time="0.861"/>
</testsuite> <!-- testCases.TC_001_AccountRegistrationTest -->
