<?xml version="1.0" encoding="UTF-8"?>
<!-- Generated by org.testng.reporters.JUnitReportReporter -->
<testsuite hostname="LAPTOP-0PAA5I9T" failures="0" tests="1" name="testCases.TC_001_AccountRegistrationTest" time="5.232" errors="0" timestamp="2023-11-30T05:18:39 EST" skipped="0">
  <testcase classname="testCases.TC_001_AccountRegistrationTest" name="test_account_Registration" time="5.232"/>
</testsuite> <!-- testCases.TC_001_AccountRegistrationTest -->
