<?xml version="1.0" encoding="UTF-8"?>
<!-- Generated by org.testng.reporters.JUnitReportReporter -->
<testsuite hostname="DESKTOP-51JIPKB" failures="0" tests="1" name="testCases.TC_002_LoginTest" time="0.683" errors="0" timestamp="2023-11-29T08:45:32 EST" skipped="0">
  <testcase classname="testCases.TC_002_LoginTest" name="test_login" time="0.683"/>
</testsuite> <!-- testCases.TC_002_LoginTest -->
