<?xml version="1.0" encoding="UTF-8"?>
<!-- Generated by org.testng.reporters.JUnitReportReporter -->
<testsuite hostname="LAPTOP-0PAA5I9T" failures="0" tests="1" name="testCases.TC_002_LoginTest" time="3.940" errors="0" timestamp="2023-11-30T05:17:09 EST" skipped="0">
  <testcase classname="testCases.TC_002_LoginTest" name="test_login" time="3.940"/>
</testsuite> <!-- testCases.TC_002_LoginTest -->
