<?xml version="1.0" encoding="UTF-8"?>
<!-- Generated by org.testng.reporters.JUnitReportReporter -->
<testsuite hostname="LAPTOP-0PAA5I9T" failures="0" tests="5" name="testCases.TC_003_LoginDDT" time="56.017" errors="0" timestamp="2023-11-30T03:49:00 EST" skipped="0">
  <testcase classname="testCases.TC_003_LoginDDT" name="test_loginDDT" time="10.208"/>
  <testcase classname="testCases.TC_003_LoginDDT" name="test_loginDDT" time="10.441"/>
  <testcase classname="testCases.TC_003_LoginDDT" name="test_loginDDT" time="14.887"/>
  <testcase classname="testCases.TC_003_LoginDDT" name="test_loginDDT" time="10.244"/>
  <testcase classname="testCases.TC_003_LoginDDT" name="test_loginDDT" time="10.237"/>
</testsuite> <!-- testCases.TC_003_LoginDDT -->
