<?xml version="1.0" encoding="UTF-8"?>
<!-- Generated by org.testng.reporters.JUnitReportReporter -->
<testsuite hostname="LAPTOP-0PAA5I9T" failures="0" tests="1" name="testCases.TC_002_LoginTest" time="4.076" errors="0" timestamp="2023-11-30T06:01:52 EST" skipped="0">
  <testcase classname="testCases.TC_002_LoginTest" name="test_login" time="4.076"/>
</testsuite> <!-- testCases.TC_002_LoginTest -->
