<?xml version="1.0" encoding="UTF-8"?>
<!-- Generated by org.testng.reporters.JUnitReportReporter -->
<testsuite hostname="LAPTOP-0PAA5I9T" failures="0" tests="5" name="testCases.TC_003_LoginDDT" time="55.612" errors="0" timestamp="2023-11-30T06:01:52 EST" skipped="0">
  <testcase classname="testCases.TC_003_LoginDDT" name="test_loginDDT" time="10.167"/>
  <testcase classname="testCases.TC_003_LoginDDT" name="test_loginDDT" time="10.207"/>
  <testcase classname="testCases.TC_003_LoginDDT" name="test_loginDDT" time="10.658"/>
  <testcase classname="testCases.TC_003_LoginDDT" name="test_loginDDT" time="10.310"/>
  <testcase classname="testCases.TC_003_LoginDDT" name="test_loginDDT" time="14.270"/>
</testsuite> <!-- testCases.TC_003_LoginDDT -->
